<testsuites id="" name="" tests="1" failures="0" skipped="0" errors="0" time="19.63276600000006">
<testsuite name="e2e\employees\delete-employee.spec.ts" timestamp="2025-03-19T02:06:24.214Z" hostname="chromium" tests="1" failures="0" skipped="0" time="15.807" errors="0">
<testcase name="[US04] Gestión de empleados | Eliminar empleados › [US-04 | TC-01] | Validar eliminar un empleado exitosamente" classname="e2e\employees\delete-employee.spec.ts" time="15.807">
</testcase>
</testsuite>
</testsuites>