<testsuites id="" name="" tests="1" failures="0" skipped="0" errors="0" time="31.51655">
<testsuite name="e2e\permissons\add-permissons.spec.ts" timestamp="2025-03-24T19:28:11.485Z" hostname="chromium" tests="1" failures="0" skipped="0" time="25.64" errors="0">
<testcase name="[US05] Asignación de permisos | Asignar permisos a los empleados › [US-05 | TC-01] | Validar asignar permisos de administrador un empleado exitosamente" classname="e2e\permissons\add-permissons.spec.ts" time="25.64">
</testcase>
</testsuite>
</testsuites>