<testsuites id="" name="" tests="1" failures="0" skipped="0" errors="0" time="48.702793000000064">
<testsuite name="e2e\permissons\validate-permissons.spec.ts" timestamp="2025-03-26T03:24:14.875Z" hostname="chromium" tests="1" failures="0" skipped="0" time="34.402" errors="0">
<testcase name="[US05] Asignación de permisos | Asignar permisos a los empleados › Validar que no se puede crear un nuevo permiso con un nombre de usuario ya existente" classname="e2e\permissons\validate-permissons.spec.ts" time="34.402">
</testcase>
</testsuite>
</testsuites>