<testsuites id="" name="" tests="6" failures="1" skipped="0" errors="0" time="51.345927">
<testsuite name="e2e\login\disabled-btn-before-login.spec.ts" timestamp="2025-03-09T02:08:48.131Z" hostname="chromium" tests="1" failures="1" skipped="0" time="15.743" errors="0">
<testcase name="[US01] Inicio de sesión | Boton Deshabilitado sin credenciales › Validar boton login deshabilitado cuando no hay credenciales ingresadas" classname="e2e\login\disabled-btn-before-login.spec.ts" time="15.743">
<failure message="disabled-btn-before-login.spec.ts:6:9 Validar boton login deshabilitado cuando no hay credenciales ingresadas" type="FAILURE">
<![CDATA[  [chromium] › e2e\login\disabled-btn-before-login.spec.ts:6:9 › [US01] Inicio de sesión | Boton Deshabilitado sin credenciales › Validar boton login deshabilitado cuando no hay credenciales ingresadas 

    Error: Timed out 5000ms waiting for expect(locator).toBeDisabled()

    Locator: locator('button[type=\'submit\']')
    Expected: disabled
    Received: enabled
    Call log:
      - expect.toBeDisabled with timeout 5000ms
      - waiting for locator('button[type=\'submit\']')
        4 × locator resolved to <button type="submit" data-v-10d463b7="" data-v-0af708be="" class="oxd-button oxd-button--medium oxd-button--main orangehrm-login-button">…</button>
          - unexpected value "enabled"


       6 |     test('Validar boton login deshabilitado cuando no hay credenciales ingresadas', async ({ loginPage }) => {
       7 |         await loginPage.goToLoginPage();
    >  8 |         await expect(loginPage.page.locator("button[type='submit']")).toBeDisabled();
         |                                                                       ^
       9 |     });
      10 |
      11 | });
        at C:\Programacion\QA\Automation\Playwright-ts\Proyecto OrangeHRM\OrangeHRM-Demo\tests\e2e\login\disabled-btn-before-login.spec.ts:8:71
]]>
</failure>
</testcase>
</testsuite>
<testsuite name="e2e\login\invalid-login.spec.ts" timestamp="2025-03-09T02:08:48.131Z" hostname="chromium" tests="4" failures="0" skipped="0" time="21.919" errors="0">
<testcase name="[US01] Inicio de sesión | Iniciar sesión con credenciales erróneas › Validar error al iniciar sesión con username incorrecto" classname="e2e\login\invalid-login.spec.ts" time="7.249">
</testcase>
<testcase name="[US01] Inicio de sesión | Iniciar sesión con credenciales erróneas › Validar error al iniciar sesión con password incorrecto" classname="e2e\login\invalid-login.spec.ts" time="5.951">
</testcase>
<testcase name="[US01] Inicio de sesión | Iniciar sesión con credenciales erróneas › Validar inicio de sesión sin ingresar username" classname="e2e\login\invalid-login.spec.ts" time="4.732">
</testcase>
<testcase name="[US01] Inicio de sesión | Iniciar sesión con credenciales erróneas › Validar inicio de sesión sin ingresar contraseña" classname="e2e\login\invalid-login.spec.ts" time="3.987">
</testcase>
</testsuite>
<testsuite name="e2e\login\login-success.spec.ts" timestamp="2025-03-09T02:08:48.131Z" hostname="chromium" tests="1" failures="0" skipped="0" time="7.561" errors="0">
<testcase name="[US01] Inicio de sesión | Iniciar sesión con mis credenciales › Validar inicio de sesión exitoso con credenciales válidas" classname="e2e\login\login-success.spec.ts" time="7.561">
</testcase>
</testsuite>
</testsuites>