<testsuites id="" name="" tests="1" failures="1" skipped="0" errors="0" time="32.949173">
<testsuite name="e2e\employees\edit-employee-info.spec.ts" timestamp="2025-03-16T20:18:12.273Z" hostname="chromium" tests="1" failures="1" skipped="0" time="30.049" errors="0">
<testcase name="[US02] Gestión de empleados | Editar empleados correctamente › Validar editar un empleado exitosamente" classname="e2e\employees\edit-employee-info.spec.ts" time="30.049">
<failure message="edit-employee-info.spec.ts:10:9 Validar editar un empleado exitosamente" type="FAILURE">
<![CDATA[  [chromium] › e2e\employees\edit-employee-info.spec.ts:10:9 › [US02] Gestión de empleados | Editar empleados correctamente › Validar editar un empleado exitosamente › Entonces el empleado se encuentra en la lista de empleados 

    TimeoutError: locator.waitFor: Timeout 3000ms exceeded.
    Call log:
      - waiting for locator('div.oxd-table-cell:has-text("6182")').first() to be visible


      85 |             const locator = employeePage.idColumnValues(newUniqueID);
      86 |             await employeePage.page.screenshot({ path: 'search_result.png' });
    > 87 |             await locator.waitFor({ state: 'visible', timeout: 3000 });
         |                           ^
      88 |         });
      89 |     });
      90 | });
        at C:\Programacion\QA\Automation\Playwright-ts\Proyecto OrangeHRM\OrangeHRM-Demo\tests\e2e\employees\edit-employee-info.spec.ts:87:27
        at C:\Programacion\QA\Automation\Playwright-ts\Proyecto OrangeHRM\OrangeHRM-Demo\tests\e2e\employees\edit-employee-info.spec.ts:82:9
]]>
</failure>
</testcase>
</testsuite>
</testsuites>