<testsuites id="" name="" tests="1" failures="1" skipped="0" errors="0" time="73.90854399999999">
<testsuite name="e2e\permissons\delete-permissons.spec.ts" timestamp="2025-03-25T20:44:35.439Z" hostname="chromium" tests="1" failures="1" skipped="0" time="64.032" errors="0">
<testcase name="[US05] Asignación de permisos | Asignar eliminar permisos a los empleados › [US-05 | TC-0] | Validar eliminar permisos a un empleado exitosamente" classname="e2e\permissons\delete-permissons.spec.ts" time="64.032">
<failure message="delete-permissons.spec.ts:16:9 [US-05 | TC-0] | Validar eliminar permisos a un empleado exitosamente" type="FAILURE">
<![CDATA[  [chromium] › e2e\permissons\delete-permissons.spec.ts:16:9 › [US05] Asignación de permisos | Asignar eliminar permisos a los empleados › [US-05 | TC-0] | Validar eliminar permisos a un empleado exitosamente 

    Test timeout of 60000ms exceeded while running "beforeEach" hook.

      2 |
      3 | let uniqueID: string;
    > 4 | test.beforeEach(async ({ loginPage, employeePage }) => {
        |      ^
      5 | await loginPage.goToLoginPage();
      6 | await loginPage.login();
      7 | uniqueID = await employeePage.generateUniqueID();
        at C:\Programacion\QA\Automation\Playwright-ts\Proyecto OrangeHRM\OrangeHRM-Demo\tests\e2e\permissons\delete-permissons.spec.ts:4:6

    Error: locator.fill: Test timeout of 60000ms exceeded.
    Call log:
      - waiting for getByRole('textbox', { name: 'Password' })
        - locator resolved to <input type="password" name="password" data-v-1f99f73c="" placeholder="Password" class="oxd-input oxd-input--active"/>
        - fill("admin123")
      - attempting fill action
        - waiting for element to be visible, enabled and editable


       at ..\pageobjectsmodels\LoginPage.ts:41

      39 |     async login(username: string = process.env.USER || '', password = process.env.PASSWORD || '') {
      40 |         await this.usernameInput.fill(username);
    > 41 |         await this.passwordInput.fill(password);
         |                                  ^
      42 |         await this.loginBtn.click();
      43 |     }
      44 |     async loginBtnDisabled(): Promise<boolean> {
        at LoginPage.login (C:\Programacion\QA\Automation\Playwright-ts\Proyecto OrangeHRM\OrangeHRM-Demo\pageobjectsmodels\LoginPage.ts:41:34)
        at C:\Programacion\QA\Automation\Playwright-ts\Proyecto OrangeHRM\OrangeHRM-Demo\tests\e2e\permissons\delete-permissons.spec.ts:6:1
]]>
</failure>
</testcase>
</testsuite>
</testsuites>