<testsuites id="" name="" tests="1" failures="0" skipped="0" errors="0" time="35.61977000000002">
<testsuite name="e2e\employees\edit-employee-info.spec.ts" timestamp="2025-03-18T02:05:44.700Z" hostname="chromium" tests="1" failures="0" skipped="0" time="28.883" errors="0">
<testcase name="[US02] Gestión de empleados | Editar empleados correctamente › Validar editar un empleado exitosamente" classname="e2e\employees\edit-employee-info.spec.ts" time="28.883">
</testcase>
</testsuite>
</testsuites>