<testsuites id="" name="" tests="1" failures="1" skipped="0" errors="0" time="26.347300999999998">
<testsuite name="e2e\employees\edit-employee-info.spec.ts" timestamp="2025-03-16T18:10:13.487Z" hostname="chromium" tests="1" failures="1" skipped="0" time="24.099" errors="0">
<testcase name="[US02] Gestión de empleados | Editar empleados correctamente › Validar editar un empleado exitosamente" classname="e2e\employees\edit-employee-info.spec.ts" time="24.099">
<failure message="edit-employee-info.spec.ts:10:9 Validar editar un empleado exitosamente" type="FAILURE">
<![CDATA[  [chromium] › e2e\employees\edit-employee-info.spec.ts:10:9 › [US02] Gestión de empleados | Editar empleados correctamente › Validar editar un empleado exitosamente › Entonces el empleado se encuentra en la lista de empleados 

    TimeoutError: locator.waitFor: Timeout 3000ms exceeded.
    Call log:
      - waiting for locator('div.oxd-table-cell:has-text("8201")').first() to be visible


      83 |             await employeePage.page.waitForLoadState('networkidle');
      84 |             const locator = employeePage.idColumnValues(newUniqueID);
    > 85 |             await locator.waitFor({ state: 'visible', timeout: 3000 });
         |                           ^
      86 |         });
      87 |     });
      88 | });
        at C:\Programacion\QA\Automation\Playwright-ts\Proyecto OrangeHRM\OrangeHRM-Demo\tests\e2e\employees\edit-employee-info.spec.ts:85:27
        at C:\Programacion\QA\Automation\Playwright-ts\Proyecto OrangeHRM\OrangeHRM-Demo\tests\e2e\employees\edit-employee-info.spec.ts:81:9
]]>
</failure>
</testcase>
</testsuite>
</testsuites>