<testsuites id="" name="" tests="1" failures="0" skipped="0" errors="0" time="45.539867000000086">
<testsuite name="e2e\employees\edit-employee.spec.ts" timestamp="2025-03-18T17:22:30.055Z" hostname="chromium" tests="1" failures="0" skipped="0" time="37.691" errors="0">
<testcase name="[US03] Gestión de empleados | Editar información de empleados existentes › Validar editar un empleado exitosamente" classname="e2e\employees\edit-employee.spec.ts" time="37.691">
</testcase>
</testsuite>
</testsuites>