<testsuites id="" name="" tests="1" failures="1" skipped="0" errors="0" time="42.959656">
<testsuite name="e2e\employees\edit-employee.info.spec.ts" timestamp="2025-03-14T02:11:03.782Z" hostname="chromium" tests="1" failures="1" skipped="0" time="40.073" errors="0">
<testcase name="[US03] Gestión de empleados | Editar empleados correctamente › Validar editar un empleado exitosamente" classname="e2e\employees\edit-employee.info.spec.ts" time="40.073">
<failure message="edit-employee.info.spec.ts:10:9 Validar editar un empleado exitosamente" type="FAILURE">
<![CDATA[  [chromium] › e2e\employees\edit-employee.info.spec.ts:10:9 › [US03] Gestión de empleados | Editar empleados correctamente › Validar editar un empleado exitosamente › Y hace click en el boton para editar su información 

    Test timeout of 40000ms exceeded.

    Error: locator.click: Test timeout of 40000ms exceeded.
    Call log:
      - waiting for locator('//div[@class=\'oxd-table-cell-actions\']//button[1]')


       at ..\pageobjectsmodels\EmployeePage.ts:69

      67 |
      68 |     async editEmployeeInfoIconClick() {
    > 69 |         await this.editEmployeeInfoIconBtn.click();
         |                                            ^
      70 |     }
      71 |
      72 |     async isUniqueID(id: string): Promise<boolean> {
        at EmployeePage.editEmployeeInfoIconClick (C:\Programacion\QA\Automation\Playwright-ts\Proyecto OrangeHRM\OrangeHRM-Demo\pageobjectsmodels\EmployeePage.ts:69:44)
        at C:\Programacion\QA\Automation\Playwright-ts\Proyecto OrangeHRM\OrangeHRM-Demo\tests\e2e\employees\edit-employee.info.spec.ts:40:32
        at C:\Programacion\QA\Automation\Playwright-ts\Proyecto OrangeHRM\OrangeHRM-Demo\tests\e2e\employees\edit-employee.info.spec.ts:37:9
]]>
</failure>
</testcase>
</testsuite>
</testsuites>