<testsuites id="" name="" tests="1" failures="1" skipped="0" errors="0" time="57.6827">
<testsuite name="e2e\employees\add-employee-success.spec.ts" timestamp="2025-03-16T01:49:11.515Z" hostname="chromium" tests="1" failures="1" skipped="0" time="42.464" errors="0">
<testcase name="[US02] Gestión de empleados | Agregar nuevos empleados › Escenario 1 | Validar agregar un empleado exitosamente" classname="e2e\employees\add-employee-success.spec.ts" time="42.464">
<failure message="add-employee-success.spec.ts:10:9 Escenario 1 | Validar agregar un empleado exitosamente" type="FAILURE">
<![CDATA[  [chromium] › e2e\employees\add-employee-success.spec.ts:10:9 › [US02] Gestión de empleados | Agregar nuevos empleados › Escenario 1 | Validar agregar un empleado exitosamente 

    Test timeout of 40000ms exceeded.

    Error: locator.scrollIntoViewIfNeeded: Test timeout of 40000ms exceeded.
    Call log:
      - waiting for locator('div.oxd-table-row:has-text("7666")')


       at ..\pageobjectsmodels\EmployeePage.ts:91

      89 |
      90 |         const employeeRow = this.page.locator(`div.oxd-table-row:has-text("${id}")`);
    > 91 |         await employeeRow.scrollIntoViewIfNeeded();
         |                           ^
      92 |         const isRowVisible = await employeeRow.isVisible();
      93 |         return !isRowVisible;
      94 |     }
        at EmployeePage.isUniqueID (C:\Programacion\QA\Automation\Playwright-ts\Proyecto OrangeHRM\OrangeHRM-Demo\pageobjectsmodels\EmployeePage.ts:91:27)
        at EmployeePage.generateUniqueID (C:\Programacion\QA\Automation\Playwright-ts\Proyecto OrangeHRM\OrangeHRM-Demo\pageobjectsmodels\EmployeePage.ts:101:24)
        at C:\Programacion\QA\Automation\Playwright-ts\Proyecto OrangeHRM\OrangeHRM-Demo\tests\e2e\employees\add-employee-success.spec.ts:11:26
]]>
</failure>
</testcase>
</testsuite>
</testsuites>