<testsuites id="" name="" tests="1" failures="0" skipped="0" errors="0" time="29.731334999999998">
<testsuite name="e2e\employees\add-employee-success.spec.ts" timestamp="2025-03-11T21:37:27.610Z" hostname="chromium" tests="1" failures="0" skipped="0" time="23.096" errors="0">
<testcase name="[US02] Gestión de empleados | Agregar nuevos empleados › Escenario 1 | Validar agregar un empleado exitosamente" classname="e2e\employees\add-employee-success.spec.ts" time="23.096">
</testcase>
</testsuite>
</testsuites>