<testsuites id="" name="" tests="6" failures="0" skipped="0" errors="0" time="53.64442699999999">
<testsuite name="example.spec.ts" timestamp="2025-03-06T23:57:20.939Z" hostname="chromium" tests="2" failures="0" skipped="0" time="5.624" errors="0">
<testcase name="has title" classname="example.spec.ts" time="2.131">
</testcase>
<testcase name="get started link" classname="example.spec.ts" time="3.493">
</testcase>
</testsuite>
<testsuite name="example.spec.ts" timestamp="2025-03-06T23:57:20.939Z" hostname="firefox" tests="2" failures="0" skipped="0" time="11.172" errors="0">
<testcase name="has title" classname="example.spec.ts" time="7.701">
</testcase>
<testcase name="get started link" classname="example.spec.ts" time="3.471">
</testcase>
</testsuite>
<testsuite name="example.spec.ts" timestamp="2025-03-06T23:57:20.939Z" hostname="webkit" tests="2" failures="0" skipped="0" time="6.499" errors="0">
<testcase name="has title" classname="example.spec.ts" time="3.576">
</testcase>
<testcase name="get started link" classname="example.spec.ts" time="2.923">
</testcase>
</testsuite>
</testsuites>