<testsuites id="" name="" tests="1" failures="0" skipped="0" errors="0" time="27.72246000000008">
<testsuite name="e2e\employees\edit-employee-info.spec.ts" timestamp="2025-03-17T19:28:27.562Z" hostname="chromium" tests="1" failures="0" skipped="0" time="23.246" errors="0">
<testcase name="[US02] Gestión de empleados | Editar empleados correctamente › Validar editar un empleado exitosamente" classname="e2e\employees\edit-employee-info.spec.ts" time="23.246">
</testcase>
</testsuite>
</testsuites>