<testsuites id="" name="" tests="1" failures="1" skipped="0" errors="0" time="10.27693">
<testsuite name="e2e\login\disabled-btn-before-login.spec.ts" timestamp="2025-03-09T01:40:26.964Z" hostname="chromium" tests="1" failures="1" skipped="0" time="8.438" errors="0">
<testcase name="[US01] Inicio de sesión | Boton Deshabilitado sin credenciales › Validar boton login deshabilitado cuando no hay credenciales ingresadas" classname="e2e\login\disabled-btn-before-login.spec.ts" time="8.438">
<failure message="disabled-btn-before-login.spec.ts:6:9 Validar boton login deshabilitado cuando no hay credenciales ingresadas" type="FAILURE">
<![CDATA[  [chromium] › e2e\login\disabled-btn-before-login.spec.ts:6:9 › [US01] Inicio de sesión | Boton Deshabilitado sin credenciales › Validar boton login deshabilitado cuando no hay credenciales ingresadas 

    Error: Timed out 5000ms waiting for expect(locator).toBeDisabled()

    Locator: locator('button[type=\'submit\']')
    Expected: disabled
    Received: enabled
    Call log:
      - expect.toBeDisabled with timeout 5000ms
      - waiting for locator('button[type=\'submit\']')
        3 × locator resolved to <button type="submit" data-v-10d463b7="" data-v-0af708be="" class="oxd-button oxd-button--medium oxd-button--main orangehrm-login-button">…</button>
          - unexpected value "enabled"


       6 |     test('Validar boton login deshabilitado cuando no hay credenciales ingresadas', async ({ loginPage }) => {
       7 |         await loginPage.goToLoginPage();
    >  8 |         await expect(loginPage.page.locator("button[type='submit']")).toBeDisabled();
         |                                                                       ^
       9 |     });
      10 |
      11 | });
        at C:\Programacion\QA\Automation\Playwright-ts\Proyecto OrangeHRM\OrangeHRM-Demo\tests\e2e\login\disabled-btn-before-login.spec.ts:8:71
]]>
</failure>
</testcase>
</testsuite>
</testsuites>